-------------------------------------------------------------------------------
Test set: com.restfulbooker.api.tests.VerbTests
-------------------------------------------------------------------------------
Tests run: 4, Failures: 1, Errors: 0, Skipped: 0, Time elapsed: 9.502 s <<< FAILURE! - in com.restfulbooker.api.tests.VerbTests
generateToken  Time elapsed: 0.311 s  <<< FAILURE!
org.opentest4j.AssertionFailedError: expected: not <null>
	at com.restfulbooker.api.tests.VerbTests.generateToken(VerbTests.java:76)

