<?xml version="1.0" encoding="UTF-8"?>
<testsuite xmlns:xsi="http://www.w3.org/2001/XMLSchema-instance" xsi:noNamespaceSchemaLocation="https://maven.apache.org/surefire/maven-surefire-plugin/xsd/surefire-test-report.xsd" name="com.restfulbooker.api.tests.VerbTests" time="9.502" tests="4" errors="0" skipped="0" failures="1">
  <properties>
[...]
</properties>
  <testcase name="healthCheck" classname="com.restfulbooker.api.tests.VerbTests" time="1.876"/>
  <testcase name="getAllBookings" classname="com.restfulbooker.api.tests.VerbTests" time="0.921"/>
  <testcase name="getOneBookingId" classname="com.restfulbooker.api.tests.VerbTests" time="0.098"/>
  <testcase name="generateToken" classname="com.restfulbooker.api.tests.VerbTests" time="0.311">
    <failure message="expected: not &lt;null&gt;" type="org.opentest4j.AssertionFailedError"><![CDATA[org.opentest4j.AssertionFailedError: expected: not <null>
	at com.restfulbooker.api.tests.VerbTests.generateToken(VerbTests.java:76)
]]></failure>
  </testcase>
</testsuite>